/home/s2/nlp002/BCI/NeuralDecoder/neuralDecoder/main.py:11: UserWarning: 
The version_base parameter is not specified.
Please specify a compatability version level, or None.
Will assume defaults for version 1.1
  @hydra.main(config_path='configs', config_name='config')
/home/s2/nlp002/anaconda3/envs/pj/lib/python3.9/site-packages/hydra/_internal/defaults_list.py:251: UserWarning: In 'config': Defaults list is missing `_self_`. See https://hydra.cc/docs/1.2/upgrades/1.0_to_1.1/default_composition_order for more information
  warnings.warn(msg, UserWarning)
/home/s2/nlp002/anaconda3/envs/pj/lib/python3.9/site-packages/hydra/_internal/hydra.py:119: UserWarning: Future Hydra versions will no longer change working directory at job runtime by default.
See https://hydra.cc/docs/1.2/upgrades/1.1_to_1.2/changes_to_job_working_dir/ for more information.
  ret = run_job(
2023-11-09 22:43:54.674041: I tensorflow/core/platform/cpu_feature_guard.cc:151] This TensorFlow binary is optimized with oneAPI Deep Neural Network Library (oneDNN) to use the following CPU instructions in performance-critical operations:  AVX2 AVX512F FMA
To enable them in other operations, rebuild TensorFlow with the appropriate compiler flags.
2023-11-09 22:43:56.648831: I tensorflow/core/common_runtime/gpu/gpu_device.cc:1525] Created device /job:localhost/replica:0/task:0/device:GPU:0 with 22369 MB memory:  -> device: 0, name: NVIDIA TITAN RTX, pci bus id: 0000:86:00.0, compute capability: 7.5
---------------------------
---------------------------
---------------------------
---------------------------
True
1
---------------------------
---------------------------
---------------------------
---------------------------
Setting CUDA_VISIBLE_DEVICES to 0
Output dir /home/s2/nlp002/pj_data/derived/lstm-deep/baselineRelease
Model: "gru"
_________________________________________________________________
 Layer (type)                Output Shape              Param #   
=================================================================
 lstm (LSTM)                 multiple                  17827840  
                                                                 
 lstm_1 (LSTM)               multiple                  2099200   
                                                                 
 lstm_2 (LSTM)               multiple                  2099200   
                                                                 
 lstm_3 (LSTM)               multiple                  2099200   
                                                                 
 lstm_4 (LSTM)               multiple                  2099200   
                                                                 
 lstm_5 (LSTM)               multiple                  2099200   
                                                                 
 lstm_6 (LSTM)               multiple                  2099200   
                                                                 
 lstm_7 (LSTM)               multiple                  2099200   
                                                                 
 lstm_8 (LSTM)               multiple                  2099200   
                                                                 
 dense (Dense)               multiple                  21033     
                                                                 
=================================================================
Total params: 34,643,497
Trainable params: 34,643,497
Non-trainable params: 0
_________________________________________________________________
Load data from /home/s2/nlp002/pj_data/derived/tfRecords/t12.2022.04.28/train
Load data from /home/s2/nlp002/pj_data/derived/tfRecords/t12.2022.04.28/test
Load data from /home/s2/nlp002/pj_data/derived/tfRecords/t12.2022.05.05/train
Load data from /home/s2/nlp002/pj_data/derived/tfRecords/t12.2022.05.05/test
Load data from /home/s2/nlp002/pj_data/derived/tfRecords/t12.2022.05.17/train
Load data from /home/s2/nlp002/pj_data/derived/tfRecords/t12.2022.05.17/test
Load data from /home/s2/nlp002/pj_data/derived/tfRecords/t12.2022.05.19/train
Load data from /home/s2/nlp002/pj_data/derived/tfRecords/t12.2022.05.19/test
Load data from /home/s2/nlp002/pj_data/derived/tfRecords/t12.2022.05.24/train
Load data from /home/s2/nlp002/pj_data/derived/tfRecords/t12.2022.05.24/test
Load data from /home/s2/nlp002/pj_data/derived/tfRecords/t12.2022.05.26/train
Load data from /home/s2/nlp002/pj_data/derived/tfRecords/t12.2022.05.26/test
Load data from /home/s2/nlp002/pj_data/derived/tfRecords/t12.2022.06.02/train
Load data from /home/s2/nlp002/pj_data/derived/tfRecords/t12.2022.06.02/test
Load data from /home/s2/nlp002/pj_data/derived/tfRecords/t12.2022.06.07/train
Load data from /home/s2/nlp002/pj_data/derived/tfRecords/t12.2022.06.07/test
Load data from /home/s2/nlp002/pj_data/derived/tfRecords/t12.2022.06.14/train
Load data from /home/s2/nlp002/pj_data/derived/tfRecords/t12.2022.06.14/test
Load data from /home/s2/nlp002/pj_data/derived/tfRecords/t12.2022.06.16/train
Load data from /home/s2/nlp002/pj_data/derived/tfRecords/t12.2022.06.16/test
Load data from /home/s2/nlp002/pj_data/derived/tfRecords/t12.2022.06.21/train
Load data from /home/s2/nlp002/pj_data/derived/tfRecords/t12.2022.06.21/test
Load data from /home/s2/nlp002/pj_data/derived/tfRecords/t12.2022.06.28/train
Load data from /home/s2/nlp002/pj_data/derived/tfRecords/t12.2022.06.28/test
Load data from /home/s2/nlp002/pj_data/derived/tfRecords/t12.2022.07.05/train
Load data from /home/s2/nlp002/pj_data/derived/tfRecords/t12.2022.07.05/test
Load data from /home/s2/nlp002/pj_data/derived/tfRecords/t12.2022.07.14/train
Load data from /home/s2/nlp002/pj_data/derived/tfRecords/t12.2022.07.14/test
Load data from /home/s2/nlp002/pj_data/derived/tfRecords/t12.2022.07.21/train
Load data from /home/s2/nlp002/pj_data/derived/tfRecords/t12.2022.07.21/test
Load data from /home/s2/nlp002/pj_data/derived/tfRecords/t12.2022.07.27/train
Load data from /home/s2/nlp002/pj_data/derived/tfRecords/t12.2022.07.27/test
Load data from /home/s2/nlp002/pj_data/derived/tfRecords/t12.2022.08.02/train
Load data from /home/s2/nlp002/pj_data/derived/tfRecords/t12.2022.08.02/test
Load data from /home/s2/nlp002/pj_data/derived/tfRecords/t12.2022.08.11/train
Load data from /home/s2/nlp002/pj_data/derived/tfRecords/t12.2022.08.11/test
Load data from /home/s2/nlp002/pj_data/derived/tfRecords/t12.2022.08.13/train
Load data from /home/s2/nlp002/pj_data/derived/tfRecords/t12.2022.08.13/test
Model: "sequential"
_________________________________________________________________
 Layer (type)                Output Shape              Param #   
=================================================================
 dense_1 (Dense)             (None, None, 256)         65792     
                                                                 
 dropout (Dropout)           (None, None, 256)         0         
                                                                 
=================================================================
Total params: 65,792
Trainable params: 65,792
Non-trainable params: 0
_________________________________________________________________
Model: "sequential_1"
_________________________________________________________________
 Layer (type)                Output Shape              Param #   
=================================================================
 dense_2 (Dense)             (None, None, 256)         65792     
                                                                 
 dropout_1 (Dropout)         (None, None, 256)         0         
                                                                 
=================================================================
Total params: 65,792
Trainable params: 65,792
Non-trainable params: 0
_________________________________________________________________
Model: "sequential_2"
_________________________________________________________________
 Layer (type)                Output Shape              Param #   
=================================================================
 dense_3 (Dense)             (None, None, 256)         65792     
                                                                 
 dropout_2 (Dropout)         (None, None, 256)         0         
                                                                 
=================================================================
Total params: 65,792
Trainable params: 65,792
Non-trainable params: 0
_________________________________________________________________
Model: "sequential_3"
_________________________________________________________________
 Layer (type)                Output Shape              Param #   
=================================================================
 dense_4 (Dense)             (None, None, 256)         65792     
                                                                 
 dropout_3 (Dropout)         (None, None, 256)         0         
                                                                 
=================================================================
Total params: 65,792
Trainable params: 65,792
Non-trainable params: 0
_________________________________________________________________
Model: "sequential_4"
_________________________________________________________________
 Layer (type)                Output Shape              Param #   
=================================================================
 dense_5 (Dense)             (None, None, 256)         65792     
                                                                 
 dropout_4 (Dropout)         (None, None, 256)         0         
                                                                 
=================================================================
Total params: 65,792
Trainable params: 65,792
Non-trainable params: 0
_________________________________________________________________
Model: "sequential_5"
_________________________________________________________________
 Layer (type)                Output Shape              Param #   
=================================================================
 dense_6 (Dense)             (None, None, 256)         65792     
                                                                 
 dropout_5 (Dropout)         (None, None, 256)         0         
                                                                 
=================================================================
Total params: 65,792
Trainable params: 65,792
Non-trainable params: 0
_________________________________________________________________
Model: "sequential_6"
_________________________________________________________________
 Layer (type)                Output Shape              Param #   
=================================================================
 dense_7 (Dense)             (None, None, 256)         65792     
                                                                 
 dropout_6 (Dropout)         (None, None, 256)         0         
                                                                 
=================================================================
Total params: 65,792
Trainable params: 65,792
Non-trainable params: 0
_________________________________________________________________
Model: "sequential_7"
_________________________________________________________________
 Layer (type)                Output Shape              Param #   
=================================================================
 dense_8 (Dense)             (None, None, 256)         65792     
                                                                 
 dropout_7 (Dropout)         (None, None, 256)         0         
                                                                 
=================================================================
Total params: 65,792
Trainable params: 65,792
Non-trainable params: 0
_________________________________________________________________
Model: "sequential_8"
_________________________________________________________________
 Layer (type)                Output Shape              Param #   
=================================================================
 dense_9 (Dense)             (None, None, 256)         65792     
                                                                 
 dropout_8 (Dropout)         (None, None, 256)         0         
                                                                 
=================================================================
Total params: 65,792
Trainable params: 65,792
Non-trainable params: 0
_________________________________________________________________
Model: "sequential_9"
_________________________________________________________________
 Layer (type)                Output Shape              Param #   
=================================================================
 dense_10 (Dense)            (None, None, 256)         65792     
                                                                 
 dropout_9 (Dropout)         (None, None, 256)         0         
                                                                 
=================================================================
Total params: 65,792
Trainable params: 65,792
Non-trainable params: 0
_________________________________________________________________
Model: "sequential_10"
_________________________________________________________________
 Layer (type)                Output Shape              Param #   
=================================================================
 dense_11 (Dense)            (None, None, 256)         65792     
                                                                 
 dropout_10 (Dropout)        (None, None, 256)         0         
                                                                 
=================================================================
Total params: 65,792
Trainable params: 65,792
Non-trainable params: 0
_________________________________________________________________
Model: "sequential_11"
_________________________________________________________________
 Layer (type)                Output Shape              Param #   
=================================================================
 dense_12 (Dense)            (None, None, 256)         65792     
                                                                 
 dropout_11 (Dropout)        (None, None, 256)         0         
                                                                 
=================================================================
Total params: 65,792
Trainable params: 65,792
Non-trainable params: 0
_________________________________________________________________
Model: "sequential_12"
_________________________________________________________________
 Layer (type)                Output Shape              Param #   
=================================================================
 dense_13 (Dense)            (None, None, 256)         65792     
                                                                 
 dropout_12 (Dropout)        (None, None, 256)         0         
                                                                 
=================================================================
Total params: 65,792
Trainable params: 65,792
Non-trainable params: 0
_________________________________________________________________
Model: "sequential_13"
_________________________________________________________________
 Layer (type)                Output Shape              Param #   
=================================================================
 dense_14 (Dense)            (None, None, 256)         65792     
                                                                 
 dropout_13 (Dropout)        (None, None, 256)         0         
                                                                 
=================================================================
Total params: 65,792
Trainable params: 65,792
Non-trainable params: 0
_________________________________________________________________
Model: "sequential_14"
_________________________________________________________________
 Layer (type)                Output Shape              Param #   
=================================================================
 dense_15 (Dense)            (None, None, 256)         65792     
                                                                 
 dropout_14 (Dropout)        (None, None, 256)         0         
                                                                 
=================================================================
Total params: 65,792
Trainable params: 65,792
Non-trainable params: 0
_________________________________________________________________
Model: "sequential_15"
_________________________________________________________________
 Layer (type)                Output Shape              Param #   
=================================================================
 dense_16 (Dense)            (None, None, 256)         65792     
                                                                 
 dropout_15 (Dropout)        (None, None, 256)         0         
                                                                 
=================================================================
Total params: 65,792
Trainable params: 65,792
Non-trainable params: 0
_________________________________________________________________
Model: "sequential_16"
_________________________________________________________________
 Layer (type)                Output Shape              Param #   
=================================================================
 dense_17 (Dense)            (None, None, 256)         65792     
                                                                 
2023-11-09 22:44:23.665332: I tensorflow/stream_executor/cuda/cuda_dnn.cc:366] Loaded cuDNN version 8500
